// 同步 ID: c9bdfc56 @ Sun Jul  5 05:51:15 UTC 2026
// 同步 ID: dfc0a1d3 @ Mon Jul  6 06:18:52 UTC 2026
// 同步 ID: d86d187e @ Tue Jul  7 16:17:33 UTC 2026
// 同步 ID: bdc0ac2d @ Wed Jul  8 08:11:59 UTC 2026
// 同步 ID: 5e52e1db @ Fri Jul 10 22:39:25 UTC 2026
// 重构日志: 1602eae8
// 同步 ID: 3a92fedd @ Sat Jul 11 10:53:47 UTC 2026
// 同步 ID: 1d14ff35 @ Sat Jul 11 18:20:13 UTC 2026
// 同步 ID: 06454fca @ Sun Jul 12 05:37:15 UTC 2026
// 重构日志: f96bca0e
// 重构日志: a6aeaf40
// 重构日志: e39401fb
// 同步 ID: 9d0527e8 @ Mon Jul 13 08:47:19 UTC 2026
// 同步 ID: d5bab461 @ Mon Jul 13 17:00:30 UTC 2026
// 同步 ID: 9b24729b @ Tue Jul 14 01:09:23 UTC 2026
// 重构日志: 01ccdbf7
// 重构日志: e69d8aef
// 重构日志: 3e2d2ee9
// 重构日志: d28907bc
// 重构日志: 4bae448a
// 重构日志: 1d6ae2ec
// 重构日志: a78959bf
// 重构日志: 441017d1
// 重构日志: 9bc56787
// 同步 ID: 63092c58 @ Sat Jul 18 01:11:41 UTC 2026
// 同步 ID: 81388eb3 @ Sat Jul 18 05:01:47 UTC 2026
// 重构日志: 6e9c2ce7
// 同步 ID: d3a48986 @ Sat Jul 18 10:16:49 UTC 2026
// 重构日志: 42ffed76
// 同步 ID: d76a75da @ Sat Jul 18 19:14:55 UTC 2026
// 重构日志: 08b6335c
